<?xml version="1.0" encoding="UTF-8"?>
<!-- Generated by org.testng.reporters.JUnitReportReporter -->
<testsuite hostname="DESKTOP-99P843S" failures="0" tests="3" name="demo_project_practice.urlTest" time="44.792" errors="0" timestamp="2023-08-18T19:55:55 IST" skipped="0">
  <testcase classname="demo_project_practice.urlTest" name="url" time="11.789"/>
  <testcase classname="demo_project_practice.urlTest" name="url" time="11.170"/>
  <testcase classname="demo_project_practice.urlTest" name="url" time="21.833"/>
</testsuite> <!-- demo_project_practice.urlTest -->
